<?xml version="1.0" encoding="UTF-8"?>
<!-- Generated by org.testng.reporters.JUnitReportReporter -->
<testsuite hostname="user-PC" name="com.model.modules.Launch" tests="1" failures="0" timestamp="7 Jul 2019 10:18:34 GMT" time="8.945" errors="0">
  <testcase name="executeLaunch" time="8.945" classname="com.model.modules.Launch"/>
</testsuite> <!-- com.model.modules.Launch -->
