<?xml version="1.0" encoding="UTF-8"?>
<!-- Generated by org.testng.reporters.JUnitReportReporter -->
<testsuite skipped="0" hostname="user-PC" name="com.model.modules.Launch" tests="1" failures="0" timestamp="01 Jul 2019 18:53:09 GMT" time="12.791" errors="0">
  <testcase name="executeLaunch" time="12.791" classname="com.model.modules.Launch"/>
</testsuite> <!-- com.model.modules.Launch -->
