<?xml version="1.0" encoding="UTF-8"?>
<!-- Generated by org.testng.reporters.JUnitReportReporter -->
<testsuite skipped="0" hostname="user-PC" name="com.model.modules.Login" tests="1" failures="0" timestamp="01 Jul 2019 18:53:09 GMT" time="12.690" errors="0">
  <testcase name="executwithvalidds" time="12.690" classname="com.model.modules.Login"/>
</testsuite> <!-- com.model.modules.Login -->
